1655252926.299905 client started (60992): version 3.2a, socket /tmp/tmux-1000/default, protocol 8
1655252926.299921 on Linux 5.15.0-37-generic #39-Ubuntu SMP Wed Jun 1 19:16:45 UTC 2022
1655252926.299924 using libevent 2.1.12-stable (poll); ncurses 6.3
1655252926.299935 flags are 0x10010000
1655252926.299938 socket is /tmp/tmux-1000/default
1655252926.299945 trying connect
1655252926.299979 add peer 0x55ada5cd36c0: 6 ((nil))
1655252926.300127 sending message 100 to peer 0x55ada5cd36c0 (4 bytes)
1655252926.300132 sending message 111 to peer 0x55ada5cd36c0 (8 bytes)
1655252926.300134 sending message 101 to peer 0x55ada5cd36c0 (7 bytes)
1655252926.300137 sending message 109 to peer 0x55ada5cd36c0 (4 bytes)
1655252926.300140 sending message 102 to peer 0x55ada5cd36c0 (11 bytes)
1655252926.300143 sending message 108 to peer 0x55ada5cd36c0 (38 bytes)
1655252926.300146 sending message 112 to peer 0x55ada5cd36c0 (70 bytes)
1655252926.300149 sending message 112 to peer 0x55ada5cd36c0 (5 bytes)
1655252926.300152 sending message 112 to peer 0x55ada5cd36c0 (5 bytes)
1655252926.300154 sending message 112 to peer 0x55ada5cd36c0 (6 bytes)
1655252926.300157 sending message 112 to peer 0x55ada5cd36c0 (6 bytes)
1655252926.300160 sending message 112 to peer 0x55ada5cd36c0 (11 bytes)
1655252926.300163 sending message 112 to peer 0x55ada5cd36c0 (10 bytes)
1655252926.300165 sending message 112 to peer 0x55ada5cd36c0 (13 bytes)
1655252926.300168 sending message 112 to peer 0x55ada5cd36c0 (13 bytes)
1655252926.300171 sending message 112 to peer 0x55ada5cd36c0 (18 bytes)
1655252926.300174 sending message 112 to peer 0x55ada5cd36c0 (9 bytes)
1655252926.300176 sending message 112 to peer 0x55ada5cd36c0 (21 bytes)
1655252926.300179 sending message 112 to peer 0x55ada5cd36c0 (13 bytes)
1655252926.300182 sending message 112 to peer 0x55ada5cd36c0 (7 bytes)
1655252926.300185 sending message 112 to peer 0x55ada5cd36c0 (13 bytes)
1655252926.300187 sending message 112 to peer 0x55ada5cd36c0 (7 bytes)
1655252926.300190 sending message 112 to peer 0x55ada5cd36c0 (13 bytes)
1655252926.300193 sending message 112 to peer 0x55ada5cd36c0 (9 bytes)
1655252926.300196 sending message 112 to peer 0x55ada5cd36c0 (21 bytes)
1655252926.300199 sending message 112 to peer 0x55ada5cd36c0 (13 bytes)
1655252926.300201 sending message 112 to peer 0x55ada5cd36c0 (8 bytes)
1655252926.300204 sending message 112 to peer 0x55ada5cd36c0 (12 bytes)
1655252926.300207 sending message 112 to peer 0x55ada5cd36c0 (13 bytes)
1655252926.300209 sending message 112 to peer 0x55ada5cd36c0 (9 bytes)
1655252926.300212 sending message 112 to peer 0x55ada5cd36c0 (9 bytes)
1655252926.300215 sending message 112 to peer 0x55ada5cd36c0 (12 bytes)
1655252926.300218 sending message 112 to peer 0x55ada5cd36c0 (8 bytes)
1655252926.300220 sending message 112 to peer 0x55ada5cd36c0 (7 bytes)
1655252926.300223 sending message 112 to peer 0x55ada5cd36c0 (7 bytes)
1655252926.300226 sending message 112 to peer 0x55ada5cd36c0 (9 bytes)
1655252926.300228 sending message 112 to peer 0x55ada5cd36c0 (13 bytes)
1655252926.300231 sending message 112 to peer 0x55ada5cd36c0 (9 bytes)
1655252926.300234 sending message 112 to peer 0x55ada5cd36c0 (15 bytes)
1655252926.300236 sending message 112 to peer 0x55ada5cd36c0 (13 bytes)
1655252926.300239 sending message 112 to peer 0x55ada5cd36c0 (12 bytes)
1655252926.300242 sending message 112 to peer 0x55ada5cd36c0 (8 bytes)
1655252926.300244 sending message 112 to peer 0x55ada5cd36c0 (14 bytes)
1655252926.300247 sending message 112 to peer 0x55ada5cd36c0 (9 bytes)
1655252926.300250 sending message 112 to peer 0x55ada5cd36c0 (10 bytes)
1655252926.300252 sending message 112 to peer 0x55ada5cd36c0 (10 bytes)
1655252926.300255 sending message 112 to peer 0x55ada5cd36c0 (10 bytes)
1655252926.300258 sending message 112 to peer 0x55ada5cd36c0 (10 bytes)
1655252926.300260 sending message 112 to peer 0x55ada5cd36c0 (11 bytes)
1655252926.300263 sending message 112 to peer 0x55ada5cd36c0 (10 bytes)
1655252926.300266 sending message 112 to peer 0x55ada5cd36c0 (8 bytes)
1655252926.300268 sending message 112 to peer 0x55ada5cd36c0 (11 bytes)
1655252926.300276 sending message 112 to peer 0x55ada5cd36c0 (11 bytes)
1655252926.300279 sending message 112 to peer 0x55ada5cd36c0 (11 bytes)
1655252926.300282 sending message 112 to peer 0x55ada5cd36c0 (8 bytes)
1655252926.300285 sending message 112 to peer 0x55ada5cd36c0 (8 bytes)
1655252926.300287 sending message 112 to peer 0x55ada5cd36c0 (8 bytes)
1655252926.300290 sending message 112 to peer 0x55ada5cd36c0 (10 bytes)
1655252926.300293 sending message 112 to peer 0x55ada5cd36c0 (10 bytes)
1655252926.300295 sending message 112 to peer 0x55ada5cd36c0 (10 bytes)
1655252926.300298 sending message 112 to peer 0x55ada5cd36c0 (10 bytes)
1655252926.300301 sending message 112 to peer 0x55ada5cd36c0 (10 bytes)
1655252926.300303 sending message 112 to peer 0x55ada5cd36c0 (11 bytes)
1655252926.300306 sending message 112 to peer 0x55ada5cd36c0 (11 bytes)
1655252926.300309 sending message 112 to peer 0x55ada5cd36c0 (10 bytes)
1655252926.300311 sending message 112 to peer 0x55ada5cd36c0 (9 bytes)
1655252926.300314 sending message 112 to peer 0x55ada5cd36c0 (9 bytes)
1655252926.300317 sending message 112 to peer 0x55ada5cd36c0 (12 bytes)
1655252926.300319 sending message 112 to peer 0x55ada5cd36c0 (9 bytes)
1655252926.300323 sending message 112 to peer 0x55ada5cd36c0 (6 bytes)
1655252926.300325 sending message 112 to peer 0x55ada5cd36c0 (8 bytes)
1655252926.300328 sending message 112 to peer 0x55ada5cd36c0 (15 bytes)
1655252926.300331 sending message 112 to peer 0x55ada5cd36c0 (13 bytes)
1655252926.300334 sending message 112 to peer 0x55ada5cd36c0 (16 bytes)
1655252926.300336 sending message 112 to peer 0x55ada5cd36c0 (16 bytes)
1655252926.300339 sending message 112 to peer 0x55ada5cd36c0 (10 bytes)
1655252926.300342 sending message 112 to peer 0x55ada5cd36c0 (8 bytes)
1655252926.300344 sending message 112 to peer 0x55ada5cd36c0 (15 bytes)
1655252926.300347 sending message 112 to peer 0x55ada5cd36c0 (13 bytes)
1655252926.300350 sending message 112 to peer 0x55ada5cd36c0 (10 bytes)
1655252926.300352 sending message 112 to peer 0x55ada5cd36c0 (10 bytes)
1655252926.300355 sending message 112 to peer 0x55ada5cd36c0 (5 bytes)
1655252926.300358 sending message 112 to peer 0x55ada5cd36c0 (15 bytes)
1655252926.300361 sending message 104 to peer 0x55ada5cd36c0 (0 bytes)
1655252926.300364 sending message 110 to peer 0x55ada5cd36c0 (0 bytes)
1655252926.300367 sending message 107 to peer 0x55ada5cd36c0 (4 bytes)
1655252926.300370 sending message 105 to peer 0x55ada5cd36c0 (38 bytes)
1655252926.300373 sending message 105 to peer 0x55ada5cd36c0 (55 bytes)
1655252926.300375 sending message 105 to peer 0x55ada5cd36c0 (23 bytes)
1655252926.300378 sending message 105 to peer 0x55ada5cd36c0 (20 bytes)
1655252926.300381 sending message 105 to peer 0x55ada5cd36c0 (54 bytes)
1655252926.300383 sending message 105 to peer 0x55ada5cd36c0 (47 bytes)
1655252926.300386 sending message 105 to peer 0x55ada5cd36c0 (19 bytes)
1655252926.300389 sending message 105 to peer 0x55ada5cd36c0 (11 bytes)
1655252926.300391 sending message 105 to peer 0x55ada5cd36c0 (14 bytes)
1655252926.300394 sending message 105 to peer 0x55ada5cd36c0 (52 bytes)
1655252926.300397 sending message 105 to peer 0x55ada5cd36c0 (19 bytes)
1655252926.300399 sending message 105 to peer 0x55ada5cd36c0 (28 bytes)
1655252926.300402 sending message 105 to peer 0x55ada5cd36c0 (18 bytes)
1655252926.300405 sending message 105 to peer 0x55ada5cd36c0 (41 bytes)
1655252926.300407 sending message 105 to peer 0x55ada5cd36c0 (17 bytes)
1655252926.300410 sending message 105 to peer 0x55ada5cd36c0 (15 bytes)
1655252926.300413 sending message 105 to peer 0x55ada5cd36c0 (50 bytes)
1655252926.300415 sending message 105 to peer 0x55ada5cd36c0 (26 bytes)
1655252926.300418 sending message 105 to peer 0x55ada5cd36c0 (233 bytes)
1655252926.300421 sending message 105 to peer 0x55ada5cd36c0 (42 bytes)
1655252926.300424 sending message 105 to peer 0x55ada5cd36c0 (19 bytes)
1655252926.300427 sending message 105 to peer 0x55ada5cd36c0 (18 bytes)
1655252926.300430 sending message 105 to peer 0x55ada5cd36c0 (19 bytes)
1655252926.300435 sending message 105 to peer 0x55ada5cd36c0 (8 bytes)
1655252926.300438 sending message 105 to peer 0x55ada5cd36c0 (22 bytes)
1655252926.300440 sending message 105 to peer 0x55ada5cd36c0 (12 bytes)
1655252926.300443 sending message 105 to peer 0x55ada5cd36c0 (18 bytes)
1655252926.300455 sending message 105 to peer 0x55ada5cd36c0 (26 bytes)
1655252926.300459 sending message 105 to peer 0x55ada5cd36c0 (35 bytes)
1655252926.300462 sending message 105 to peer 0x55ada5cd36c0 (13 bytes)
1655252926.300465 sending message 105 to peer 0x55ada5cd36c0 (12 bytes)
1655252926.300468 sending message 105 to peer 0x55ada5cd36c0 (16 bytes)
1655252926.300471 sending message 105 to peer 0x55ada5cd36c0 (18 bytes)
1655252926.300473 sending message 105 to peer 0x55ada5cd36c0 (13 bytes)
1655252926.300476 sending message 105 to peer 0x55ada5cd36c0 (41 bytes)
1655252926.300479 sending message 105 to peer 0x55ada5cd36c0 (41 bytes)
1655252926.300481 sending message 105 to peer 0x55ada5cd36c0 (23 bytes)
1655252926.300484 sending message 105 to peer 0x55ada5cd36c0 (98 bytes)
1655252926.300487 sending message 105 to peer 0x55ada5cd36c0 (31 bytes)
1655252926.300490 sending message 105 to peer 0x55ada5cd36c0 (15 bytes)
1655252926.300492 sending message 105 to peer 0x55ada5cd36c0 (23 bytes)
1655252926.300495 sending message 105 to peer 0x55ada5cd36c0 (23 bytes)
1655252926.300498 sending message 105 to peer 0x55ada5cd36c0 (17 bytes)
1655252926.300500 sending message 105 to peer 0x55ada5cd36c0 (21 bytes)
1655252926.300503 sending message 105 to peer 0x55ada5cd36c0 (11 bytes)
1655252926.300506 sending message 105 to peer 0x55ada5cd36c0 (20 bytes)
1655252926.300508 sending message 105 to peer 0x55ada5cd36c0 (16 bytes)
1655252926.300511 sending message 105 to peer 0x55ada5cd36c0 (28 bytes)
1655252926.300514 sending message 105 to peer 0x55ada5cd36c0 (11 bytes)
1655252926.300517 sending message 105 to peer 0x55ada5cd36c0 (8 bytes)
1655252926.300519 sending message 105 to peer 0x55ada5cd36c0 (32 bytes)
1655252926.300522 sending message 105 to peer 0x55ada5cd36c0 (1519 bytes)
1655252926.300526 sending message 105 to peer 0x55ada5cd36c0 (26 bytes)
1655252926.300529 sending message 105 to peer 0x55ada5cd36c0 (16 bytes)
1655252926.300532 sending message 105 to peer 0x55ada5cd36c0 (52 bytes)
1655252926.300534 sending message 105 to peer 0x55ada5cd36c0 (61 bytes)
1655252926.300537 sending message 106 to peer 0x55ada5cd36c0 (0 bytes)
1655252926.300541 sending message 200 to peer 0x55ada5cd36c0 (4 bytes)
1655252926.300543 client loop enter
1655252926.300863 peer 0x55ada5cd36c0 message 303
1655252926.300867 open write file 2 -
1655252926.300873 sending message 305 to peer 0x55ada5cd36c0 (8 bytes)
1655252926.300878 write check file 2
1655252926.300949 peer 0x55ada5cd36c0 message 304
1655252926.300952 write 58 to file 2
1655252926.300956 peer 0x55ada5cd36c0 message 203
1655252926.300959 file 2 58 bytes left
1655252926.300968 write check file 2
1655252926.300970 client loop exit
